{
  "stats": {
    "suites": 1,
    "tests": 2,
    "passes": 2,
    "pending": 0,
    "failures": 0,
    "start": "2019-08-07T20:21:14.986Z",
    "end": "2019-08-07T20:21:26.282Z",
    "duration": 11296,
    "testsRegistered": 2,
    "passPercent": 100,
    "pendingPercent": 0,
    "other": 0,
    "hasOther": false,
    "skipped": 0,
    "hasSkipped": false
  },
  "results": [
    {
      "uuid": "14912538-c54d-4748-9e24-6ae514b60fa6",
      "title": "",
      "fullFile": "",
      "file": "",
      "beforeHooks": [],
      "afterHooks": [],
      "tests": [],
      "suites": [
        {
          "uuid": "4db99f22-4dda-4424-985e-e76ee7fc5d53",
          "title": "Waiting",
          "fullFile": "",
          "file": "",
          "beforeHooks": [],
          "afterHooks": [],
          "tests": [
            {
              "title": "cy.wait() - wait for a specific amount of time",
              "fullTitle": "Waiting cy.wait() - wait for a specific amount of time",
              "timedOut": null,
              "duration": 5535,
              "state": "passed",
              "speed": "slow",
              "pass": true,
              "fail": false,
              "pending": false,
              "context": null,
              "code": "cy.get('.wait-input1').type('Wait 1000ms after typing');\ncy.wait(1000);\ncy.get('.wait-input2').type('Wait 1000ms after typing');\ncy.wait(1000);\ncy.get('.wait-input3').type('Wait 1000ms after typing');\ncy.wait(1000);",
              "err": {},
              "uuid": "0dd05176-2157-42e3-bd03-efab0067c63f",
              "parentUUID": "4db99f22-4dda-4424-985e-e76ee7fc5d53",
              "isHook": false,
              "skipped": false
            },
            {
              "title": "cy.wait() - wait for a specific route",
              "fullTitle": "Waiting cy.wait() - wait for a specific route",
              "timedOut": null,
              "duration": 2291,
              "state": "passed",
              "speed": "slow",
              "pass": true,
              "fail": false,
              "pending": false,
              "context": null,
              "code": "cy.server(); // Listen to GET to comments/1\ncy.route('GET', 'comments/*').as('getComment'); // we have code that gets a comment when\n// the button is clicked in scripts.js\ncy.get('.network-btn').click(); // wait for GET comments/1\ncy.wait('@getComment').its('status').should('eq', 200);",
              "err": {},
              "uuid": "ce5c0ae5-36d9-46f1-abd7-fac8940c8127",
              "parentUUID": "4db99f22-4dda-4424-985e-e76ee7fc5d53",
              "isHook": false,
              "skipped": false
            }
          ],
          "suites": [],
          "passes": [
            "0dd05176-2157-42e3-bd03-efab0067c63f",
            "ce5c0ae5-36d9-46f1-abd7-fac8940c8127"
          ],
          "failures": [],
          "pending": [],
          "skipped": [],
          "duration": 7826,
          "root": false,
          "rootEmpty": false,
          "_timeout": 2000
        }
      ],
      "passes": [],
      "failures": [],
      "pending": [],
      "skipped": [],
      "duration": 0,
      "root": true,
      "rootEmpty": true,
      "_timeout": 2000
    }
  ],
  "meta": {
    "mocha": {
      "version": "6.2.0"
    },
    "mochawesome": {
      "options": {
        "quiet": true,
        "reportFilename": "mochawesome",
        "saveHtml": true,
        "saveJson": true,
        "consoleReporter": "spec",
        "useInlineDiffs": false
      },
      "version": "4.1.0"
    },
    "marge": {
      "options": {
        "id": "default",
        "reportDir": "cypress/reports/mocha",
        "quiet": true,
        "overwrite": false,
        "html": true,
        "json": true
      },
      "version": "4.0.1"
    }
  }
}