{
  "stats": {
    "suites": 1,
    "tests": 1,
    "passes": 1,
    "pending": 0,
    "failures": 0,
    "start": "2019-08-07T20:22:18.851Z",
    "end": "2019-08-07T20:22:21.393Z",
    "duration": 2542,
    "testsRegistered": 1,
    "passPercent": 100,
    "pendingPercent": 0,
    "other": 0,
    "hasOther": false,
    "skipped": 0,
    "hasSkipped": false
  },
  "results": [
    {
      "uuid": "92865114-4c5e-417c-b773-a42af3ee3459",
      "title": "",
      "fullFile": "",
      "file": "",
      "beforeHooks": [],
      "afterHooks": [],
      "tests": [],
      "suites": [
        {
          "uuid": "f6841e46-3d95-4830-927f-9c4ff20c4aa7",
          "title": "Pruebas funcionales",
          "fullFile": "",
          "file": "",
          "beforeHooks": [],
          "afterHooks": [],
          "tests": [
            {
              "title": "Se debe mostrar la pantalla de home",
              "fullTitle": "Pruebas funcionales Se debe mostrar la pantalla de home",
              "timedOut": null,
              "duration": 2523,
              "state": "passed",
              "speed": "slow",
              "pass": true,
              "fail": false,
              "pending": false,
              "context": null,
              "code": "cy.visit('');\ncy.screenshot();",
              "err": {},
              "uuid": "7a6ce5f8-dc7b-424d-ab92-fb47a40bb35c",
              "parentUUID": "f6841e46-3d95-4830-927f-9c4ff20c4aa7",
              "isHook": false,
              "skipped": false
            }
          ],
          "suites": [],
          "passes": [
            "7a6ce5f8-dc7b-424d-ab92-fb47a40bb35c"
          ],
          "failures": [],
          "pending": [],
          "skipped": [],
          "duration": 2523,
          "root": false,
          "rootEmpty": false,
          "_timeout": 2000
        }
      ],
      "passes": [],
      "failures": [],
      "pending": [],
      "skipped": [],
      "duration": 0,
      "root": true,
      "rootEmpty": true,
      "_timeout": 2000
    }
  ],
  "meta": {
    "mocha": {
      "version": "6.2.0"
    },
    "mochawesome": {
      "options": {
        "quiet": true,
        "reportFilename": "mochawesome",
        "saveHtml": true,
        "saveJson": true,
        "consoleReporter": "spec",
        "useInlineDiffs": false
      },
      "version": "4.1.0"
    },
    "marge": {
      "options": {
        "id": "default",
        "reportDir": "cypress/reports/mocha",
        "quiet": true,
        "overwrite": false,
        "html": true,
        "json": true
      },
      "version": "4.0.1"
    }
  }
}