{
  "stats": {
    "suites": 2,
    "tests": 6,
    "passes": 5,
    "pending": 0,
    "failures": 1,
    "start": "2019-08-07T20:19:01.923Z",
    "end": "2019-08-07T20:19:13.036Z",
    "duration": 11113,
    "testsRegistered": 6,
    "passPercent": 83.33333333333334,
    "pendingPercent": 0,
    "other": 0,
    "hasOther": false,
    "skipped": 0,
    "hasSkipped": false
  },
  "results": [
    {
      "uuid": "8be2fd52-7ab6-4b98-8562-d5de7b911bf6",
      "title": "",
      "fullFile": "",
      "file": "",
      "beforeHooks": [],
      "afterHooks": [],
      "tests": [],
      "suites": [
        {
          "uuid": "44bfcb11-0264-4e07-bfa3-90007bed5ead",
          "title": "Misc",
          "fullFile": "",
          "file": "",
          "beforeHooks": [],
          "afterHooks": [],
          "tests": [
            {
              "title": ".end() - end the command chain",
              "fullTitle": "Misc .end() - end the command chain",
              "timedOut": null,
              "duration": 855,
              "state": "passed",
              "speed": "slow",
              "pass": true,
              "fail": false,
              "pending": false,
              "context": null,
              "code": "// https://on.cypress.io/end\n// cy.end is useful when you want to end a chain of commands\n// and force Cypress to re-query from the root element\ncy.get('.misc-table').within(function () {\n  // ends the current chain and yields null\n  cy.contains('Cheryl').click().end(); // queries the entire table again\n  cy.contains('Charles').click();\n});",
              "err": {},
              "uuid": "660bb860-59f9-4606-920f-eec86a74020c",
              "parentUUID": "44bfcb11-0264-4e07-bfa3-90007bed5ead",
              "isHook": false,
              "skipped": false
            },
            {
              "title": "cy.exec() - execute a system command",
              "fullTitle": "Misc cy.exec() - execute a system command",
              "timedOut": null,
              "duration": 1636,
              "state": "failed",
              "speed": null,
              "pass": false,
              "fail": true,
              "pending": false,
              "context": null,
              "code": "// https://on.cypress.io/exec\n// execute a system command.\n// so you can take actions necessary for\n// your test outside the scope of Cypress.\ncy.exec('echo Jane Lane').its('stdout').should('contain', 'Jane Lane'); // we can use Cypress.platform string to\n// select appropriate command\n// https://on.cypress/io/platform\ncy.log(\"Platform \".concat(Cypress.platform, \" architecture \").concat(Cypress.arch));\nif (Cypress.platform === 'win32') {\n  cy.exec('print cypress.json').its('stderr').should('be.empty');\n} else {\n  cy.exec('cat cypress.json').its('stderr').should('be.empty');\n  cy.exec('pwd').its('code').should('eq', 0);\n}",
              "err": {
                "message": "CypressError: cy.exec('echo Jane Lane') failed because the command exited with a non-zero code.\n\nPass {failOnNonZeroExit: false} to ignore exit code failures.\n\nInformation about the failure:\nCode: 127\n\nStderr:\n/c/Program: Files\\Git\\usr\\bin\\bash.exe: No such file or directory",
                "estack": "CypressError: cy.exec('echo Jane Lane') failed because the command exited with a non-zero code.\n\nPass {failOnNonZeroExit: false} to ignore exit code failures.\n\nInformation about the failure:\nCode: 127\n\nStderr:\n/c/Program: Files\\Git\\usr\\bin\\bash.exe: No such file or directory\n    at Object.cypressErr (https://example.cypress.io/__cypress/runner/cypress_runner.js:85348:11)\n    at Object.throwErr (https://example.cypress.io/__cypress/runner/cypress_runner.js:85303:18)\n    at Object.throwErrByPath (https://example.cypress.io/__cypress/runner/cypress_runner.js:85335:17)\n    at https://example.cypress.io/__cypress/runner/cypress_runner.js:72714:23\n    at tryCatcher (https://example.cypress.io/__cypress/runner/cypress_runner.js:118962:23)\n    at Promise._settlePromiseFromHandler (https://example.cypress.io/__cypress/runner/cypress_runner.js:116898:31)\n    at Promise._settlePromise (https://example.cypress.io/__cypress/runner/cypress_runner.js:116955:18)\n    at Promise._settlePromise0 (https://example.cypress.io/__cypress/runner/cypress_runner.js:117000:10)\n    at Promise._settlePromises (https://example.cypress.io/__cypress/runner/cypress_runner.js:117079:18)\n    at Async../node_modules/bluebird/js/release/async.js.Async._drainQueue (https://example.cypress.io/__cypress/runner/cypress_runner.js:113687:16)\n    at Async../node_modules/bluebird/js/release/async.js.Async._drainQueues (https://example.cypress.io/__cypress/runner/cypress_runner.js:113697:10)\n    at Async.drainQueues (https://example.cypress.io/__cypress/runner/cypress_runner.js:113571:14)\n    at <anonymous>",
                "diff": null
              },
              "uuid": "603629d3-9a3c-4dd2-a693-a9b3854ca280",
              "parentUUID": "44bfcb11-0264-4e07-bfa3-90007bed5ead",
              "isHook": false,
              "skipped": false
            },
            {
              "title": "cy.focused() - get the DOM element that has focus",
              "fullTitle": "Misc cy.focused() - get the DOM element that has focus",
              "timedOut": null,
              "duration": 656,
              "state": "passed",
              "speed": "slow",
              "pass": true,
              "fail": false,
              "pending": false,
              "context": null,
              "code": "// https://on.cypress.io/focused\ncy.get('.misc-form').find('#name').click();\ncy.focused().should('have.id', 'name');\ncy.get('.misc-form').find('#description').click();\ncy.focused().should('have.id', 'description');",
              "err": {},
              "uuid": "24cb1572-9100-40de-b95b-1327335f6125",
              "parentUUID": "44bfcb11-0264-4e07-bfa3-90007bed5ead",
              "isHook": false,
              "skipped": false
            },
            {
              "title": "cy.wrap() - wrap an object",
              "fullTitle": "Misc cy.wrap() - wrap an object",
              "timedOut": null,
              "duration": 683,
              "state": "passed",
              "speed": "slow",
              "pass": true,
              "fail": false,
              "pending": false,
              "context": null,
              "code": "// https://on.cypress.io/wrap\ncy.wrap({\n  foo: 'bar'\n}).should('have.property', 'foo').and('include', 'bar');",
              "err": {},
              "uuid": "29afe6cf-36d3-4639-b2b5-ccf33816716b",
              "parentUUID": "44bfcb11-0264-4e07-bfa3-90007bed5ead",
              "isHook": false,
              "skipped": false
            }
          ],
          "suites": [
            {
              "uuid": "a789b4ab-a89d-41a8-bf0b-aa46831463aa",
              "title": "Cypress.Screenshot",
              "fullFile": "",
              "file": "",
              "beforeHooks": [],
              "afterHooks": [],
              "tests": [
                {
                  "title": "cy.screenshot() - take a screenshot",
                  "fullTitle": "Misc Cypress.Screenshot cy.screenshot() - take a screenshot",
                  "timedOut": null,
                  "duration": 3043,
                  "state": "passed",
                  "speed": "slow",
                  "pass": true,
                  "fail": false,
                  "pending": false,
                  "context": null,
                  "code": "// https://on.cypress.io/screenshot\ncy.screenshot('my-image');",
                  "err": {},
                  "uuid": "2c5390ba-e8a0-4d11-9067-660aca2b4f27",
                  "parentUUID": "a789b4ab-a89d-41a8-bf0b-aa46831463aa",
                  "isHook": false,
                  "skipped": false
                },
                {
                  "title": "Cypress.Screenshot.defaults() - change default config of screenshots",
                  "fullTitle": "Misc Cypress.Screenshot Cypress.Screenshot.defaults() - change default config of screenshots",
                  "timedOut": null,
                  "duration": 847,
                  "state": "passed",
                  "speed": "slow",
                  "pass": true,
                  "fail": false,
                  "pending": false,
                  "context": null,
                  "code": "Cypress.Screenshot.defaults({\n  blackout: ['.foo'],\n  capture: 'viewport',\n  clip: {\n    x: 0,\n    y: 0,\n    width: 200,\n    height: 200\n  },\n  scale: false,\n  disableTimersAndAnimations: true,\n  screenshotOnRunFailure: true,\n  beforeScreenshot: function beforeScreenshot() {},\n  afterScreenshot: function afterScreenshot() {}\n});",
                  "err": {},
                  "uuid": "3f082ae0-bdbe-485a-acb4-367b231517c5",
                  "parentUUID": "a789b4ab-a89d-41a8-bf0b-aa46831463aa",
                  "isHook": false,
                  "skipped": false
                }
              ],
              "suites": [],
              "passes": [
                "2c5390ba-e8a0-4d11-9067-660aca2b4f27",
                "3f082ae0-bdbe-485a-acb4-367b231517c5"
              ],
              "failures": [],
              "pending": [],
              "skipped": [],
              "duration": 3890,
              "root": false,
              "rootEmpty": false,
              "_timeout": 2000
            }
          ],
          "passes": [
            "660bb860-59f9-4606-920f-eec86a74020c",
            "24cb1572-9100-40de-b95b-1327335f6125",
            "29afe6cf-36d3-4639-b2b5-ccf33816716b"
          ],
          "failures": [
            "603629d3-9a3c-4dd2-a693-a9b3854ca280"
          ],
          "pending": [],
          "skipped": [],
          "duration": 3830,
          "root": false,
          "rootEmpty": false,
          "_timeout": 2000
        }
      ],
      "passes": [],
      "failures": [],
      "pending": [],
      "skipped": [],
      "duration": 0,
      "root": true,
      "rootEmpty": true,
      "_timeout": 2000
    }
  ],
  "meta": {
    "mocha": {
      "version": "6.2.0"
    },
    "mochawesome": {
      "options": {
        "quiet": true,
        "reportFilename": "mochawesome",
        "saveHtml": true,
        "saveJson": true,
        "consoleReporter": "spec",
        "useInlineDiffs": false
      },
      "version": "4.1.0"
    },
    "marge": {
      "options": {
        "id": "default",
        "reportDir": "cypress/reports/mocha",
        "quiet": true,
        "overwrite": false,
        "html": true,
        "json": true
      },
      "version": "4.0.1"
    }
  }
}