<?xml version="1.0" encoding="UTF-8"?>
<testsuites name="Mocha Tests" time="4.161" tests="4" failures="0">
  <testsuite name="Root Suite" timestamp="2019-08-07T20:18:24" tests="0" failures="0" time="0">
  </testsuite>
  <testsuite name="Files" timestamp="2019-08-07T20:18:25" tests="4" failures="0" time="4.161">
    <testcase name="Files cy.fixture() - load a fixture" time="1.032" classname="cy.fixture() - load a fixture">
    </testcase>
    <testcase name="Files cy.fixture() or require - load a fixture" time="0.572" classname="cy.fixture() or require - load a fixture">
    </testcase>
    <testcase name="Files cy.readFile() - read a files contents" time="0.613" classname="cy.readFile() - read a files contents">
    </testcase>
    <testcase name="Files cy.writeFile() - write to a file" time="1.944" classname="cy.writeFile() - write to a file">
    </testcase>
  </testsuite>
</testsuites>