<?xml version="1.0" encoding="UTF-8"?>
<testsuites name="Mocha Tests" time="30.113" tests="5" failures="0">
  <testsuite name="Root Suite" timestamp="2019-08-07T18:38:17" tests="0" failures="0" time="0">
  </testsuite>
  <testsuite name="Cookies" timestamp="2019-08-07T18:38:17" tests="5" failures="0" time="30.113">
    <testcase name="Cookies cy.getCookie() - get a browser cookie" time="5.514" classname="cy.getCookie() - get a browser cookie">
    </testcase>
    <testcase name="Cookies cy.getCookies() - get browser cookies" time="7.623" classname="cy.getCookies() - get browser cookies">
    </testcase>
    <testcase name="Cookies cy.setCookie() - set a browser cookie" time="2.536" classname="cy.setCookie() - set a browser cookie">
    </testcase>
    <testcase name="Cookies cy.clearCookie() - clear a browser cookie" time="9.479" classname="cy.clearCookie() - clear a browser cookie">
    </testcase>
    <testcase name="Cookies cy.clearCookies() - clear browser cookies" time="4.961" classname="cy.clearCookies() - clear browser cookies">
    </testcase>
  </testsuite>
</testsuites>