<?xml version="1.0" encoding="UTF-8"?>
<testsuites name="Mocha Tests" time="4.1290000000000004" tests="8" failures="0">
  <testsuite name="Root Suite" timestamp="2019-08-07T20:17:22" tests="0" failures="0" time="0">
  </testsuite>
  <testsuite name="Assertions" timestamp="2019-08-07T20:17:22" tests="0" failures="0" time="0">
  </testsuite>
  <testsuite name="Implicit Assertions" timestamp="2019-08-07T20:17:22" tests="2" failures="0" time="1.075">
    <testcase name="Assertions Implicit Assertions .should() - make an assertion about the current subject" time="0.587" classname=".should() - make an assertion about the current subject">
    </testcase>
    <testcase name="Assertions Implicit Assertions .and() - chain multiple assertions together" time="0.488" classname=".and() - chain multiple assertions together">
    </testcase>
  </testsuite>
  <testsuite name="Explicit Assertions" timestamp="2019-08-07T20:17:26" tests="6" failures="0" time="3.0540000000000003">
    <testcase name="Assertions Explicit Assertions expect - make an assertion about a specified subject" time="0.554" classname="expect - make an assertion about a specified subject">
    </testcase>
    <testcase name="Assertions Explicit Assertions pass your own callback function to should()" time="0.694" classname="pass your own callback function to should()">
    </testcase>
    <testcase name="Assertions Explicit Assertions finds element by class name regex" time="0.453" classname="finds element by class name regex">
    </testcase>
    <testcase name="Assertions Explicit Assertions can throw any error" time="0.568" classname="can throw any error">
    </testcase>
    <testcase name="Assertions Explicit Assertions matches unknown text between two elements" time="0.418" classname="matches unknown text between two elements">
    </testcase>
    <testcase name="Assertions Explicit Assertions assert - assert shape of an object" time="0.367" classname="assert - assert shape of an object">
    </testcase>
  </testsuite>
</testsuites>