<?xml version="1.0" encoding="UTF-8"?>
<testsuites name="Mocha Tests" time="7.113" tests="2" failures="0">
  <testsuite name="Root Suite" timestamp="2019-08-07T18:44:59" tests="0" failures="0" time="0">
  </testsuite>
  <testsuite name="Waiting" timestamp="2019-08-07T18:44:59" tests="2" failures="0" time="7.113">
    <testcase name="Waiting cy.wait() - wait for a specific amount of time" time="4.961" classname="cy.wait() - wait for a specific amount of time">
    </testcase>
    <testcase name="Waiting cy.wait() - wait for a specific route" time="2.152" classname="cy.wait() - wait for a specific route">
    </testcase>
  </testsuite>
</testsuites>