<?xml version="1.0" encoding="UTF-8"?>
<testsuites name="Mocha Tests" time="7.8260000000000005" tests="2" failures="0">
  <testsuite name="Root Suite" timestamp="2019-08-07T20:21:14" tests="0" failures="0" time="0">
  </testsuite>
  <testsuite name="Waiting" timestamp="2019-08-07T20:21:15" tests="2" failures="0" time="7.8260000000000005">
    <testcase name="Waiting cy.wait() - wait for a specific amount of time" time="5.535" classname="cy.wait() - wait for a specific amount of time">
    </testcase>
    <testcase name="Waiting cy.wait() - wait for a specific route" time="2.291" classname="cy.wait() - wait for a specific route">
    </testcase>
  </testsuite>
</testsuites>