<?xml version="1.0" encoding="UTF-8"?>
<testsuites name="Mocha Tests" time="6.084" tests="6" failures="1">
  <testsuite name="Root Suite" timestamp="2019-08-07T20:19:01" tests="0" failures="0" time="0">
  </testsuite>
  <testsuite name="Misc" timestamp="2019-08-07T20:19:01" tests="4" failures="1" time="2.194">
    <testcase name="Misc .end() - end the command chain" time="0.855" classname=".end() - end the command chain">
    </testcase>
    <testcase name="Misc cy.exec() - execute a system command" time="0" classname="cy.exec() - execute a system command">
      <failure message="cy.exec(&apos;echo Jane Lane&apos;) failed because the command exited with a non-zero code.

Pass {failOnNonZeroExit: false} to ignore exit code failures.

Information about the failure:
Code: 127

Stderr:
/c/Program: Files\Git\usr\bin\bash.exe: No such file or directory" type="CypressError"><![CDATA[CypressError: cy.exec('echo Jane Lane') failed because the command exited with a non-zero code.

Pass {failOnNonZeroExit: false} to ignore exit code failures.

Information about the failure:
Code: 127

Stderr:
/c/Program: Files\Git\usr\bin\bash.exe: No such file or directory
    at Object.cypressErr (https://example.cypress.io/__cypress/runner/cypress_runner.js:85348:11)
    at Object.throwErr (https://example.cypress.io/__cypress/runner/cypress_runner.js:85303:18)
    at Object.throwErrByPath (https://example.cypress.io/__cypress/runner/cypress_runner.js:85335:17)
    at https://example.cypress.io/__cypress/runner/cypress_runner.js:72714:23
    at tryCatcher (https://example.cypress.io/__cypress/runner/cypress_runner.js:118962:23)
    at Promise._settlePromiseFromHandler (https://example.cypress.io/__cypress/runner/cypress_runner.js:116898:31)
    at Promise._settlePromise (https://example.cypress.io/__cypress/runner/cypress_runner.js:116955:18)
    at Promise._settlePromise0 (https://example.cypress.io/__cypress/runner/cypress_runner.js:117000:10)
    at Promise._settlePromises (https://example.cypress.io/__cypress/runner/cypress_runner.js:117079:18)
    at Async../node_modules/bluebird/js/release/async.js.Async._drainQueue (https://example.cypress.io/__cypress/runner/cypress_runner.js:113687:16)
    at Async../node_modules/bluebird/js/release/async.js.Async._drainQueues (https://example.cypress.io/__cypress/runner/cypress_runner.js:113697:10)
    at Async.drainQueues (https://example.cypress.io/__cypress/runner/cypress_runner.js:113571:14)
    at <anonymous>]]></failure>
    </testcase>
    <testcase name="Misc cy.focused() - get the DOM element that has focus" time="0.656" classname="cy.focused() - get the DOM element that has focus">
    </testcase>
    <testcase name="Misc cy.wrap() - wrap an object" time="0.683" classname="cy.wrap() - wrap an object">
    </testcase>
  </testsuite>
  <testsuite name="Cypress.Screenshot" timestamp="2019-08-07T20:19:09" tests="2" failures="0" time="3.89">
    <testcase name="Misc Cypress.Screenshot cy.screenshot() - take a screenshot" time="3.043" classname="cy.screenshot() - take a screenshot">
    </testcase>
    <testcase name="Misc Cypress.Screenshot Cypress.Screenshot.defaults() - change default config of screenshots" time="0.847" classname="Cypress.Screenshot.defaults() - change default config of screenshots">
    </testcase>
  </testsuite>
</testsuites>