<?xml version="1.0" encoding="UTF-8"?>
<testsuites name="Mocha Tests" time="4.0840000000000005" tests="5" failures="0">
  <testsuite name="Root Suite" timestamp="2019-08-07T20:17:51" tests="0" failures="0" time="0">
  </testsuite>
  <testsuite name="Cookies" timestamp="2019-08-07T20:17:51" tests="5" failures="0" time="4.0840000000000005">
    <testcase name="Cookies cy.getCookie() - get a browser cookie" time="1.079" classname="cy.getCookie() - get a browser cookie">
    </testcase>
    <testcase name="Cookies cy.getCookies() - get browser cookies" time="0.703" classname="cy.getCookies() - get browser cookies">
    </testcase>
    <testcase name="Cookies cy.setCookie() - set a browser cookie" time="0.947" classname="cy.setCookie() - set a browser cookie">
    </testcase>
    <testcase name="Cookies cy.clearCookie() - clear a browser cookie" time="0.632" classname="cy.clearCookie() - clear a browser cookie">
    </testcase>
    <testcase name="Cookies cy.clearCookies() - clear browser cookies" time="0.723" classname="cy.clearCookies() - clear browser cookies">
    </testcase>
  </testsuite>
</testsuites>