<?xml version="1.0" encoding="UTF-8"?>
<testsuites name="Mocha Tests" time="2.8550000000000004" tests="3" failures="0">
  <testsuite name="Root Suite" timestamp="2019-08-07T18:45:15" tests="0" failures="0" time="0">
  </testsuite>
  <testsuite name="Window" timestamp="2019-08-07T18:45:15" tests="3" failures="0" time="2.8550000000000004">
    <testcase name="Window cy.window() - get the global window object" time="1.852" classname="cy.window() - get the global window object">
    </testcase>
    <testcase name="Window cy.document() - get the document object" time="0.416" classname="cy.document() - get the document object">
    </testcase>
    <testcase name="Window cy.title() - get the title" time="0.587" classname="cy.title() - get the title">
    </testcase>
  </testsuite>
</testsuites>