<?xml version="1.0" encoding="UTF-8"?>
<testsuites name="Mocha Tests" time="8.851999999999999" tests="5" failures="0">
  <testsuite name="Root Suite" timestamp="2019-08-07T18:37:44" tests="0" failures="0" time="0">
  </testsuite>
  <testsuite name="Connectors" timestamp="2019-08-07T18:37:44" tests="5" failures="0" time="8.851999999999999">
    <testcase name="Connectors .each() - iterate over an array of elements" time="0.641" classname=".each() - iterate over an array of elements">
    </testcase>
    <testcase name="Connectors .its() - get properties on the current subject" time="0.804" classname=".its() - get properties on the current subject">
    </testcase>
    <testcase name="Connectors .invoke() - invoke a function on the current subject" time="5.808" classname=".invoke() - invoke a function on the current subject">
    </testcase>
    <testcase name="Connectors .spread() - spread an array as individual args to callback function" time="1.069" classname=".spread() - spread an array as individual args to callback function">
    </testcase>
    <testcase name="Connectors .then() - invoke a callback function with the current subject" time="0.53" classname=".then() - invoke a callback function with the current subject">
    </testcase>
  </testsuite>
</testsuites>