<?xml version="1.0" encoding="UTF-8"?>
<testsuites name="Mocha Tests" time="20.432000000000002" tests="13" failures="0">
  <testsuite name="Root Suite" timestamp="2019-08-07T18:35:01" tests="0" failures="0" time="0">
  </testsuite>
  <testsuite name="Actions" timestamp="2019-08-07T18:35:01" tests="13" failures="0" time="20.432000000000002">
    <testcase name="Actions .type() - type into a DOM element" time="6.118" classname=".type() - type into a DOM element">
    </testcase>
    <testcase name="Actions .focus() - focus on a DOM element" time="1.445" classname=".focus() - focus on a DOM element">
    </testcase>
    <testcase name="Actions .blur() - blur off a DOM element" time="0.782" classname=".blur() - blur off a DOM element">
    </testcase>
    <testcase name="Actions .clear() - clears an input or textarea element" time="0.736" classname=".clear() - clears an input or textarea element">
    </testcase>
    <testcase name="Actions .submit() - submit a form" time="0.765" classname=".submit() - submit a form">
    </testcase>
    <testcase name="Actions .click() - click on a DOM element" time="2.346" classname=".click() - click on a DOM element">
    </testcase>
    <testcase name="Actions .dblclick() - double click on a DOM element" time="0.582" classname=".dblclick() - double click on a DOM element">
    </testcase>
    <testcase name="Actions .check() - check a checkbox or radio element" time="1.167" classname=".check() - check a checkbox or radio element">
    </testcase>
    <testcase name="Actions .uncheck() - uncheck a checkbox element" time="1.316" classname=".uncheck() - uncheck a checkbox element">
    </testcase>
    <testcase name="Actions .select() - select an option in a &lt;select&gt; element" time="1.724" classname=".select() - select an option in a &lt;select&gt; element">
    </testcase>
    <testcase name="Actions .scrollIntoView() - scroll an element into view" time="0.461" classname=".scrollIntoView() - scroll an element into view">
    </testcase>
    <testcase name="Actions .trigger() - trigger an event on a DOM element" time="0.652" classname=".trigger() - trigger an event on a DOM element">
    </testcase>
    <testcase name="Actions cy.scrollTo() - scroll the window or element to a position" time="2.338" classname="cy.scrollTo() - scroll the window or element to a position">
    </testcase>
  </testsuite>
</testsuites>