<?xml version="1.0" encoding="UTF-8"?>
<testsuites name="Mocha Tests" time="5.488" tests="6" failures="0">
  <testsuite name="Root Suite" timestamp="2019-08-07T20:20:46" tests="0" failures="0" time="0">
  </testsuite>
  <testsuite name="Utilities" timestamp="2019-08-07T20:20:46" tests="6" failures="0" time="5.488">
    <testcase name="Utilities Cypress._ - call a lodash method" time="1.664" classname="Cypress._ - call a lodash method">
    </testcase>
    <testcase name="Utilities Cypress.$ - call a jQuery method" time="0.603" classname="Cypress.$ - call a jQuery method">
    </testcase>
    <testcase name="Utilities Cypress.Blob - blob utilities and base64 string conversion" time="1.105" classname="Cypress.Blob - blob utilities and base64 string conversion">
    </testcase>
    <testcase name="Utilities Cypress.minimatch - test out glob patterns against strings" time="0.48" classname="Cypress.minimatch - test out glob patterns against strings">
    </testcase>
    <testcase name="Utilities Cypress.moment() - format or parse dates using a moment method" time="0.372" classname="Cypress.moment() - format or parse dates using a moment method">
    </testcase>
    <testcase name="Utilities Cypress.Promise - instantiate a bluebird promise" time="1.264" classname="Cypress.Promise - instantiate a bluebird promise">
    </testcase>
  </testsuite>
</testsuites>