<?xml version="1.0" encoding="UTF-8"?>
<testsuites name="Mocha Tests" time="4.649" tests="2" failures="0">
  <testsuite name="Root Suite" timestamp="2019-08-07T18:37:01" tests="0" failures="0" time="0">
  </testsuite>
  <testsuite name="Aliasing" timestamp="2019-08-07T18:37:01" tests="2" failures="0" time="4.649">
    <testcase name="Aliasing .as() - alias a DOM element for later use" time="1.523" classname=".as() - alias a DOM element for later use">
    </testcase>
    <testcase name="Aliasing .as() - alias a route for later use" time="3.126" classname=".as() - alias a route for later use">
    </testcase>
  </testsuite>
</testsuites>