<?xml version="1.0" encoding="UTF-8"?>
<testsuites name="Mocha Tests" time="2.9979999999999998" tests="2" failures="0">
  <testsuite name="Root Suite" timestamp="2019-08-07T20:17:09" tests="0" failures="0" time="0">
  </testsuite>
  <testsuite name="Aliasing" timestamp="2019-08-07T20:17:09" tests="2" failures="0" time="2.9979999999999998">
    <testcase name="Aliasing .as() - alias a DOM element for later use" time="0.594" classname=".as() - alias a DOM element for later use">
    </testcase>
    <testcase name="Aliasing .as() - alias a route for later use" time="2.404" classname=".as() - alias a route for later use">
    </testcase>
  </testsuite>
</testsuites>