<?xml version="1.0" encoding="UTF-8"?>
<testsuites name="Mocha Tests" time="8.473999999999998" tests="18" failures="0">
  <testsuite name="Root Suite" timestamp="2019-08-07T20:20:26" tests="0" failures="0" time="0">
  </testsuite>
  <testsuite name="Traversal" timestamp="2019-08-07T20:20:26" tests="18" failures="0" time="8.473999999999998">
    <testcase name="Traversal .children() - get child DOM elements" time="0.515" classname=".children() - get child DOM elements">
    </testcase>
    <testcase name="Traversal .closest() - get closest ancestor DOM element" time="0.355" classname=".closest() - get closest ancestor DOM element">
    </testcase>
    <testcase name="Traversal .eq() - get a DOM element at a specific index" time="0.346" classname=".eq() - get a DOM element at a specific index">
    </testcase>
    <testcase name="Traversal .filter() - get DOM elements that match the selector" time="0.509" classname=".filter() - get DOM elements that match the selector">
    </testcase>
    <testcase name="Traversal .find() - get descendant DOM elements of the selector" time="0.616" classname=".find() - get descendant DOM elements of the selector">
    </testcase>
    <testcase name="Traversal .first() - get first DOM element" time="0.487" classname=".first() - get first DOM element">
    </testcase>
    <testcase name="Traversal .last() - get last DOM element" time="0.544" classname=".last() - get last DOM element">
    </testcase>
    <testcase name="Traversal .next() - get next sibling DOM element" time="0.501" classname=".next() - get next sibling DOM element">
    </testcase>
    <testcase name="Traversal .nextAll() - get all next sibling DOM elements" time="0.583" classname=".nextAll() - get all next sibling DOM elements">
    </testcase>
    <testcase name="Traversal .nextUntil() - get next sibling DOM elements until next el" time="0.454" classname=".nextUntil() - get next sibling DOM elements until next el">
    </testcase>
    <testcase name="Traversal .not() - remove DOM elements from set of DOM elements" time="0.399" classname=".not() - remove DOM elements from set of DOM elements">
    </testcase>
    <testcase name="Traversal .parent() - get parent DOM element from DOM elements" time="0.655" classname=".parent() - get parent DOM element from DOM elements">
    </testcase>
    <testcase name="Traversal .parents() - get parent DOM elements from DOM elements" time="0.407" classname=".parents() - get parent DOM elements from DOM elements">
    </testcase>
    <testcase name="Traversal .parentsUntil() - get parent DOM elements from DOM elements until el" time="0.336" classname=".parentsUntil() - get parent DOM elements from DOM elements until el">
    </testcase>
    <testcase name="Traversal .prev() - get previous sibling DOM element" time="0.488" classname=".prev() - get previous sibling DOM element">
    </testcase>
    <testcase name="Traversal .prevAll() - get all previous sibling DOM elements" time="0.614" classname=".prevAll() - get all previous sibling DOM elements">
    </testcase>
    <testcase name="Traversal .prevUntil() - get all previous sibling DOM elements until el" time="0.359" classname=".prevUntil() - get all previous sibling DOM elements until el">
    </testcase>
    <testcase name="Traversal .siblings() - get all sibling DOM elements" time="0.306" classname=".siblings() - get all sibling DOM elements">
    </testcase>
  </testsuite>
</testsuites>