<?xml version="1.0" encoding="UTF-8"?>
<testsuites name="Mocha Tests" time="7.231" tests="4" failures="1">
  <testsuite name="Root Suite" timestamp="2019-08-07T20:21:51" tests="0" failures="0" time="0">
  </testsuite>
  <testsuite name="Pruebas funcionales" timestamp="2019-08-07T20:21:51" tests="4" failures="1" time="7.231">
    <testcase name="Pruebas funcionales Se debe mostrar la pantalla de home" time="1.235" classname="Se debe mostrar la pantalla de home">
    </testcase>
    <testcase name="Pruebas funcionales Hacer click sobre el boton Start" time="0.318" classname="Hacer click sobre el boton Start">
    </testcase>
    <testcase name="Pruebas funcionales Agregar un nuevo badge" time="5.678" classname="Agregar un nuevo badge">
    </testcase>
    <testcase name="Pruebas funcionales Eliminar un badge" time="0" classname="Eliminar un badge">
      <failure message="Timed out retrying: Expected not to find content: &apos;Lionel Messi&apos; but continuously found it." type="CypressError"><![CDATA[CypressError: Timed out retrying: Expected not to find content: 'Lionel Messi' but continuously found it.
    at Object.cypressErr (http://localhost:3000/__cypress/runner/cypress_runner.js:85348:11)
    at Object.throwErr (http://localhost:3000/__cypress/runner/cypress_runner.js:85303:18)
    at Object.throwErrByPath (http://localhost:3000/__cypress/runner/cypress_runner.js:85335:17)
    at retry (http://localhost:3000/__cypress/runner/cypress_runner.js:77321:16)
    at onFailFn (http://localhost:3000/__cypress/runner/cypress_runner.js:68422:16)
    at tryCatcher (http://localhost:3000/__cypress/runner/cypress_runner.js:118962:23)
    at Promise._settlePromiseFromHandler (http://localhost:3000/__cypress/runner/cypress_runner.js:116898:31)
    at Promise._settlePromise (http://localhost:3000/__cypress/runner/cypress_runner.js:116955:18)
    at Promise._settlePromise0 (http://localhost:3000/__cypress/runner/cypress_runner.js:117000:10)
    at Promise._settlePromises (http://localhost:3000/__cypress/runner/cypress_runner.js:117075:18)
    at Async../node_modules/bluebird/js/release/async.js.Async._drainQueue (http://localhost:3000/__cypress/runner/cypress_runner.js:113687:16)
    at Async../node_modules/bluebird/js/release/async.js.Async._drainQueues (http://localhost:3000/__cypress/runner/cypress_runner.js:113697:10)
    at Async.drainQueues (http://localhost:3000/__cypress/runner/cypress_runner.js:113571:14)
    at <anonymous>]]></failure>
    </testcase>
  </testsuite>
</testsuites>