<?xml version="1.0" encoding="UTF-8"?>
<testsuites name="Mocha Tests" time="0.995" tests="1" failures="0">
  <testsuite name="Root Suite" timestamp="2019-08-07T20:18:38" tests="0" failures="0" time="0">
  </testsuite>
  <testsuite name="Local Storage" timestamp="2019-08-07T20:18:38" tests="1" failures="0" time="0.995">
    <testcase name="Local Storage cy.clearLocalStorage() - clear all data in local storage" time="0.995" classname="cy.clearLocalStorage() - clear all data in local storage">
    </testcase>
  </testsuite>
</testsuites>