<?xml version="1.0" encoding="UTF-8"?>
<testsuites name="Mocha Tests" time="3.374" tests="1" failures="0">
  <testsuite name="Root Suite" timestamp="2019-08-07T20:21:01" tests="0" failures="0" time="0">
  </testsuite>
  <testsuite name="Viewport" timestamp="2019-08-07T20:21:01" tests="1" failures="0" time="3.374">
    <testcase name="Viewport cy.viewport() - set the viewport size and dimension" time="3.374" classname="cy.viewport() - set the viewport size and dimension">
    </testcase>
  </testsuite>
</testsuites>