<?xml version="1.0" encoding="UTF-8"?>
<testsuites name="Mocha Tests" time="3.769" tests="4" failures="0">
  <testsuite name="Root Suite" timestamp="2019-08-07T18:43:42" tests="0" failures="0" time="0">
  </testsuite>
  <testsuite name="Spies, Stubs, and Clock" timestamp="2019-08-07T18:43:42" tests="4" failures="0" time="3.769">
    <testcase name="Spies, Stubs, and Clock cy.spy() - wrap a method in a spy" time="0.949" classname="cy.spy() - wrap a method in a spy">
    </testcase>
    <testcase name="Spies, Stubs, and Clock cy.stub() - create a stub and/or replace a function with stub" time="0.411" classname="cy.stub() - create a stub and/or replace a function with stub">
    </testcase>
    <testcase name="Spies, Stubs, and Clock cy.clock() - control time in the browser" time="1.454" classname="cy.clock() - control time in the browser">
    </testcase>
    <testcase name="Spies, Stubs, and Clock cy.tick() - move time in the browser" time="0.955" classname="cy.tick() - move time in the browser">
    </testcase>
  </testsuite>
</testsuites>