<?xml version="1.0" encoding="UTF-8"?>
<testsuites name="Mocha Tests" time="2.1020000000000003" tests="4" failures="0">
  <testsuite name="Root Suite" timestamp="2019-08-07T20:20:02" tests="0" failures="0" time="0">
  </testsuite>
  <testsuite name="Querying" timestamp="2019-08-07T20:20:02" tests="4" failures="0" time="2.1020000000000003">
    <testcase name="Querying cy.get() - query DOM elements" time="0.575" classname="cy.get() - query DOM elements">
    </testcase>
    <testcase name="Querying cy.contains() - query DOM elements with matching content" time="0.606" classname="cy.contains() - query DOM elements with matching content">
    </testcase>
    <testcase name="Querying .within() - query DOM elements within a specific element" time="0.54" classname=".within() - query DOM elements within a specific element">
    </testcase>
    <testcase name="Querying cy.root() - query the root DOM element" time="0.381" classname="cy.root() - query the root DOM element">
    </testcase>
  </testsuite>
</testsuites>