<?xml version="1.0" encoding="UTF-8"?>
<testsuites name="Mocha Tests" time="6.4190000000000005" tests="13" failures="1">
  <testsuite name="Root Suite" timestamp="2019-08-07T20:18:05" tests="0" failures="0" time="0">
  </testsuite>
  <testsuite name="Cypress.Commands" timestamp="2019-08-07T20:18:06" tests="1" failures="0" time="0.601">
    <testcase name="Cypress.Commands .add() - create a custom command" time="0.601" classname=".add() - create a custom command">
    </testcase>
  </testsuite>
  <testsuite name="Cypress.Cookies" timestamp="2019-08-07T20:18:09" tests="3" failures="0" time="2.31">
    <testcase name="Cypress.Cookies .debug() - enable or disable debugging" time="0.663" classname=".debug() - enable or disable debugging">
    </testcase>
    <testcase name="Cypress.Cookies .preserveOnce() - preserve cookies by key" time="0.506" classname=".preserveOnce() - preserve cookies by key">
    </testcase>
    <testcase name="Cypress.Cookies .defaults() - set defaults for all cookies" time="1.141" classname=".defaults() - set defaults for all cookies">
    </testcase>
  </testsuite>
  <testsuite name="Cypress.Server" timestamp="2019-08-07T20:18:11" tests="1" failures="0" time="0.352">
    <testcase name="Cypress.Server .defaults() - change default config of server" time="0.352" classname=".defaults() - change default config of server">
    </testcase>
  </testsuite>
  <testsuite name="Cypress.arch" timestamp="2019-08-07T20:18:12" tests="1" failures="0" time="0.439">
    <testcase name="Cypress.arch Get CPU architecture name of underlying OS" time="0.439" classname="Get CPU architecture name of underlying OS">
    </testcase>
  </testsuite>
  <testsuite name="Cypress.config()" timestamp="2019-08-07T20:18:12" tests="1" failures="1" time="0">
    <testcase name="Cypress.config() Get and set configuration options" time="0" classname="Get and set configuration options">
      <failure message="expected { Object (projectId, baseUrl, ...) } to have a property &apos;baseUrl&apos; of null, but got &apos;http://localhost:3000&apos;" type="AssertionError"><![CDATA[AssertionError: expected { Object (projectId, baseUrl, ...) } to have a property 'baseUrl' of null, but got 'http://localhost:3000'
    at Context.runnable.fn (https://example.cypress.io/__cypress/runner/cypress_runner.js:80477:20)
    at callFn (https://example.cypress.io/__cypress/runner/cypress_runner.js:30713:21)
    at https://example.cypress.io/__cypress/runner/cypress_runner.js:84151:28
    at PassThroughHandlerContext.finallyHandler (https://example.cypress.io/__cypress/runner/cypress_runner.js:115517:23)
    at PassThroughHandlerContext.tryCatcher (https://example.cypress.io/__cypress/runner/cypress_runner.js:118962:23)
    at Promise._settlePromiseFromHandler (https://example.cypress.io/__cypress/runner/cypress_runner.js:116898:31)
    at Promise._settlePromise (https://example.cypress.io/__cypress/runner/cypress_runner.js:116955:18)
    at Promise._settlePromise0 (https://example.cypress.io/__cypress/runner/cypress_runner.js:117000:10)
    at Promise._settlePromises (https://example.cypress.io/__cypress/runner/cypress_runner.js:117079:18)
    at Async../node_modules/bluebird/js/release/async.js.Async._drainQueue (https://example.cypress.io/__cypress/runner/cypress_runner.js:113687:16)
    at Async../node_modules/bluebird/js/release/async.js.Async._drainQueues (https://example.cypress.io/__cypress/runner/cypress_runner.js:113697:10)
    at Async.drainQueues (https://example.cypress.io/__cypress/runner/cypress_runner.js:113571:14)
    at <anonymous>]]></failure>
    </testcase>
  </testsuite>
  <testsuite name="Cypress.dom" timestamp="2019-08-07T20:18:13" tests="1" failures="0" time="0.706">
    <testcase name="Cypress.dom .isHidden() - determine if a DOM element is hidden" time="0.706" classname=".isHidden() - determine if a DOM element is hidden">
    </testcase>
  </testsuite>
  <testsuite name="Cypress.env()" timestamp="2019-08-07T20:18:14" tests="1" failures="0" time="0.376">
    <testcase name="Cypress.env() Get environment variables" time="0.376" classname="Get environment variables">
    </testcase>
  </testsuite>
  <testsuite name="Cypress.log" timestamp="2019-08-07T20:18:14" tests="1" failures="0" time="0.432">
    <testcase name="Cypress.log Control what is printed to the Command Log" time="0.432" classname="Control what is printed to the Command Log">
    </testcase>
  </testsuite>
  <testsuite name="Cypress.platform" timestamp="2019-08-07T20:18:15" tests="1" failures="0" time="0.437">
    <testcase name="Cypress.platform Get underlying OS name" time="0.437" classname="Get underlying OS name">
    </testcase>
  </testsuite>
  <testsuite name="Cypress.version" timestamp="2019-08-07T20:18:15" tests="1" failures="0" time="0.382">
    <testcase name="Cypress.version Get current version of Cypress being run" time="0.382" classname="Get current version of Cypress being run">
    </testcase>
  </testsuite>
  <testsuite name="Cypress.spec" timestamp="2019-08-07T20:18:15" tests="1" failures="0" time="0.384">
    <testcase name="Cypress.spec Get current spec information" time="0.384" classname="Get current spec information">
    </testcase>
  </testsuite>
</testsuites>