<?xml version="1.0" encoding="UTF-8"?>
<testsuites name="Mocha Tests" time="3.659" tests="1" failures="0">
  <testsuite name="Root Suite" timestamp="2019-08-07T18:44:45" tests="0" failures="0" time="0">
  </testsuite>
  <testsuite name="Viewport" timestamp="2019-08-07T18:44:46" tests="1" failures="0" time="3.659">
    <testcase name="Viewport cy.viewport() - set the viewport size and dimension" time="3.659" classname="cy.viewport() - set the viewport size and dimension">
    </testcase>
  </testsuite>
</testsuites>