<?xml version="1.0" encoding="UTF-8"?>
<testsuites name="Mocha Tests" time="8.67" tests="5" failures="0">
  <testsuite name="Root Suite" timestamp="2019-08-07T20:19:39" tests="0" failures="0" time="0">
  </testsuite>
  <testsuite name="Network Requests" timestamp="2019-08-07T20:19:39" tests="5" failures="0" time="8.67">
    <testcase name="Network Requests cy.server() - control behavior of network requests and responses" time="0.905" classname="cy.server() - control behavior of network requests and responses">
    </testcase>
    <testcase name="Network Requests cy.request() - make an XHR request" time="2.137" classname="cy.request() - make an XHR request">
    </testcase>
    <testcase name="Network Requests cy.request() - verify response using BDD syntax" time="1.644" classname="cy.request() - verify response using BDD syntax">
    </testcase>
    <testcase name="Network Requests cy.request() with query parameters" time="1.187" classname="cy.request() with query parameters">
    </testcase>
    <testcase name="Network Requests cy.route() - route responses to matching requests" time="2.797" classname="cy.route() - route responses to matching requests">
    </testcase>
  </testsuite>
</testsuites>