<?xml version="1.0" encoding="UTF-8"?>
<testsuites name="Mocha Tests" time="6.1370000000000005" tests="3" failures="0">
  <testsuite name="Root Suite" timestamp="2019-08-07T20:19:21" tests="0" failures="0" time="0">
  </testsuite>
  <testsuite name="Navigation" timestamp="2019-08-07T20:19:21" tests="3" failures="0" time="6.1370000000000005">
    <testcase name="Navigation cy.go() - go back or forward in the browser&apos;s history" time="2.582" classname="cy.go() - go back or forward in the browser&apos;s history">
    </testcase>
    <testcase name="Navigation cy.reload() - reload the page" time="2.072" classname="cy.reload() - reload the page">
    </testcase>
    <testcase name="Navigation cy.visit() - visit a remote url" time="1.483" classname="cy.visit() - visit a remote url">
    </testcase>
  </testsuite>
</testsuites>