<?xml version="1.0" encoding="UTF-8"?>
<testsuites name="Mocha Tests" time="43.311" tests="13" failures="1">
  <testsuite name="Root Suite" timestamp="2019-08-07T18:39:45" tests="0" failures="0" time="0">
  </testsuite>
  <testsuite name="Cypress.Commands" timestamp="2019-08-07T18:39:45" tests="1" failures="0" time="2.731">
    <testcase name="Cypress.Commands .add() - create a custom command" time="2.731" classname=".add() - create a custom command">
    </testcase>
  </testsuite>
  <testsuite name="Cypress.Cookies" timestamp="2019-08-07T18:39:55" tests="3" failures="0" time="15.254">
    <testcase name="Cypress.Cookies .debug() - enable or disable debugging" time="13.065" classname=".debug() - enable or disable debugging">
    </testcase>
    <testcase name="Cypress.Cookies .preserveOnce() - preserve cookies by key" time="1.816" classname=".preserveOnce() - preserve cookies by key">
    </testcase>
    <testcase name="Cypress.Cookies .defaults() - set defaults for all cookies" time="0.373" classname=".defaults() - set defaults for all cookies">
    </testcase>
  </testsuite>
  <testsuite name="Cypress.Server" timestamp="2019-08-07T18:40:11" tests="1" failures="0" time="0.895">
    <testcase name="Cypress.Server .defaults() - change default config of server" time="0.895" classname=".defaults() - change default config of server">
    </testcase>
  </testsuite>
  <testsuite name="Cypress.arch" timestamp="2019-08-07T18:40:12" tests="1" failures="0" time="7.008">
    <testcase name="Cypress.arch Get CPU architecture name of underlying OS" time="7.008" classname="Get CPU architecture name of underlying OS">
    </testcase>
  </testsuite>
  <testsuite name="Cypress.config()" timestamp="2019-08-07T18:40:19" tests="1" failures="1" time="0">
    <testcase name="Cypress.config() Get and set configuration options" time="0" classname="Get and set configuration options">
      <failure message="expected { Object (projectId, baseUrl, ...) } to have a property &apos;baseUrl&apos; of null, but got &apos;http://localhost:3000&apos;" type="AssertionError"><![CDATA[AssertionError: expected { Object (projectId, baseUrl, ...) } to have a property 'baseUrl' of null, but got 'http://localhost:3000'
    at Context.runnable.fn (https://example.cypress.io/__cypress/runner/cypress_runner.js:80477:20)
    at callFn (https://example.cypress.io/__cypress/runner/cypress_runner.js:30713:21)
    at https://example.cypress.io/__cypress/runner/cypress_runner.js:84151:28
    at PassThroughHandlerContext.finallyHandler (https://example.cypress.io/__cypress/runner/cypress_runner.js:115517:23)
    at PassThroughHandlerContext.tryCatcher (https://example.cypress.io/__cypress/runner/cypress_runner.js:118962:23)
    at Promise._settlePromiseFromHandler (https://example.cypress.io/__cypress/runner/cypress_runner.js:116898:31)
    at Promise._settlePromise (https://example.cypress.io/__cypress/runner/cypress_runner.js:116955:18)
    at Promise._settlePromise0 (https://example.cypress.io/__cypress/runner/cypress_runner.js:117000:10)
    at Promise._settlePromises (https://example.cypress.io/__cypress/runner/cypress_runner.js:117079:18)
    at Async../node_modules/bluebird/js/release/async.js.Async._drainQueue (https://example.cypress.io/__cypress/runner/cypress_runner.js:113687:16)
    at Async../node_modules/bluebird/js/release/async.js.Async._drainQueues (https://example.cypress.io/__cypress/runner/cypress_runner.js:113697:10)
    at Async.drainQueues (https://example.cypress.io/__cypress/runner/cypress_runner.js:113571:14)
    at <anonymous>]]></failure>
    </testcase>
  </testsuite>
  <testsuite name="Cypress.dom" timestamp="2019-08-07T18:40:22" tests="1" failures="0" time="0.634">
    <testcase name="Cypress.dom .isHidden() - determine if a DOM element is hidden" time="0.634" classname=".isHidden() - determine if a DOM element is hidden">
    </testcase>
  </testsuite>
  <testsuite name="Cypress.env()" timestamp="2019-08-07T18:40:22" tests="1" failures="0" time="0.803">
    <testcase name="Cypress.env() Get environment variables" time="0.803" classname="Get environment variables">
    </testcase>
  </testsuite>
  <testsuite name="Cypress.log" timestamp="2019-08-07T18:40:24" tests="1" failures="0" time="1.245">
    <testcase name="Cypress.log Control what is printed to the Command Log" time="1.245" classname="Control what is printed to the Command Log">
    </testcase>
  </testsuite>
  <testsuite name="Cypress.platform" timestamp="2019-08-07T18:40:25" tests="1" failures="0" time="0.785">
    <testcase name="Cypress.platform Get underlying OS name" time="0.785" classname="Get underlying OS name">
    </testcase>
  </testsuite>
  <testsuite name="Cypress.version" timestamp="2019-08-07T18:40:26" tests="1" failures="0" time="6.08">
    <testcase name="Cypress.version Get current version of Cypress being run" time="6.08" classname="Get current version of Cypress being run">
    </testcase>
  </testsuite>
  <testsuite name="Cypress.spec" timestamp="2019-08-07T18:40:32" tests="1" failures="0" time="7.876">
    <testcase name="Cypress.spec Get current spec information" time="7.876" classname="Get current spec information">
    </testcase>
  </testsuite>
</testsuites>